[0m13:44:00.010517 [debug] [MainThread]: Sending event: {'category': 'dbt', 'action': 'invocation', 'label': 'start', 'context': [<snowplow_tracker.self_describing_json.SelfDescribingJson object at 0x1069e5bd0>, <snowplow_tracker.self_describing_json.SelfDescribingJson object at 0x106a095d0>, <snowplow_tracker.self_describing_json.SelfDescribingJson object at 0x106a09d50>]}


============================== 13:44:00.016330 | fcc80b3c-5b49-4e33-9aae-f6c505fe9236 ==============================
[0m13:44:00.016330 [info ] [MainThread]: Running with dbt=1.9.2
[0m13:44:00.016640 [debug] [MainThread]: running dbt with arguments {'printer_width': '80', 'indirect_selection': 'eager', 'log_cache_events': 'False', 'write_json': 'True', 'partial_parse': 'True', 'cache_selected_only': 'False', 'warn_error': 'None', 'debug': 'False', 'version_check': 'True', 'log_path': 'logs', 'fail_fast': 'False', 'profiles_dir': '/Users/tawneykirkland/.dbt', 'use_colors': 'True', 'use_experimental_parser': 'False', 'empty': 'None', 'quiet': 'False', 'no_print': 'None', 'log_format': 'default', 'invocation_command': 'dbt init dbtlearn', 'introspect': 'True', 'warn_error_options': 'WarnErrorOptions(include=[], exclude=[])', 'target_path': 'None', 'static_parser': 'True', 'send_anonymous_usage_stats': 'True'}
[0m13:44:00.024959 [debug] [MainThread]: Starter project path: /Users/tawneykirkland/dbtcourse/venv/lib/python3.11/site-packages/dbt/include/starter_project
[0m13:44:00.029446 [info ] [MainThread]: 
Your new dbt project "dbtlearn" was created!

For more information on how to configure the profiles.yml file,
please consult the dbt documentation here:

  https://docs.getdbt.com/docs/configure-your-profile

One more thing:

Need help? Don't hesitate to reach out to us via GitHub issues or on Slack:

  https://community.getdbt.com/

Happy modeling!

[0m13:44:00.029818 [info ] [MainThread]: Setting up your profile.
[0m13:46:26.747728 [info ] [MainThread]: Profile dbtlearn written to /Users/tawneykirkland/.dbt/profiles.yml using target's profile_template.yml and your supplied values. Run 'dbt debug' to validate the connection.
[0m13:46:26.931417 [debug] [MainThread]: Resource report: {"command_name": "init", "command_success": true, "command_wall_clock_time": 146.95688, "process_in_blocks": "0", "process_kernel_time": 0.177194, "process_mem_max_rss": "113819648", "process_out_blocks": "0", "process_user_time": 0.670083}
[0m13:46:26.932436 [debug] [MainThread]: Command `dbt init` succeeded at 13:46:26.932222 after 146.96 seconds
[0m13:46:26.932701 [debug] [MainThread]: Sending event: {'category': 'dbt', 'action': 'invocation', 'label': 'end', 'context': [<snowplow_tracker.self_describing_json.SelfDescribingJson object at 0x1069823d0>, <snowplow_tracker.self_describing_json.SelfDescribingJson object at 0x1069db690>, <snowplow_tracker.self_describing_json.SelfDescribingJson object at 0x1008e5310>]}
[0m13:46:26.932907 [debug] [MainThread]: Flushing usage events
[0m13:46:27.069753 [debug] [MainThread]: An error was encountered while trying to flush usage events
[0m13:51:33.114808 [debug] [MainThread]: Sending event: {'category': 'dbt', 'action': 'invocation', 'label': 'start', 'context': [<snowplow_tracker.self_describing_json.SelfDescribingJson object at 0x10102cc50>, <snowplow_tracker.self_describing_json.SelfDescribingJson object at 0x10700d010>, <snowplow_tracker.self_describing_json.SelfDescribingJson object at 0x10700d790>]}


============================== 13:51:33.117683 | 28751e28-381b-417d-8f2a-5f55ed009e12 ==============================
[0m13:51:33.117683 [info ] [MainThread]: Running with dbt=1.9.2
[0m13:51:33.118010 [debug] [MainThread]: running dbt with arguments {'printer_width': '80', 'indirect_selection': 'eager', 'write_json': 'True', 'log_cache_events': 'False', 'partial_parse': 'True', 'cache_selected_only': 'False', 'warn_error': 'None', 'fail_fast': 'False', 'debug': 'False', 'log_path': 'logs', 'profiles_dir': '/Users/tawneykirkland/.dbt', 'version_check': 'True', 'use_colors': 'True', 'use_experimental_parser': 'False', 'no_print': 'None', 'quiet': 'False', 'empty': 'None', 'warn_error_options': 'WarnErrorOptions(include=[], exclude=[])', 'invocation_command': 'dbt init dbtlearn', 'static_parser': 'True', 'introspect': 'True', 'target_path': 'None', 'log_format': 'default', 'send_anonymous_usage_stats': 'True'}
[0m13:51:33.125915 [info ] [MainThread]: A project called dbtlearn already exists here.
[0m13:51:33.127116 [debug] [MainThread]: Resource report: {"command_name": "init", "command_success": true, "command_wall_clock_time": 0.04929954, "process_in_blocks": "0", "process_kernel_time": 0.145212, "process_mem_max_rss": "98697216", "process_out_blocks": "0", "process_user_time": 0.576103}
[0m13:51:33.127335 [debug] [MainThread]: Command `dbt init` succeeded at 13:51:33.127279 after 0.05 seconds
[0m13:51:33.127522 [debug] [MainThread]: Sending event: {'category': 'dbt', 'action': 'invocation', 'label': 'end', 'context': [<snowplow_tracker.self_describing_json.SelfDescribingJson object at 0x106e82250>, <snowplow_tracker.self_describing_json.SelfDescribingJson object at 0x1002c6e90>, <snowplow_tracker.self_describing_json.SelfDescribingJson object at 0x104daf190>]}
[0m13:51:33.127693 [debug] [MainThread]: Flushing usage events
[0m13:51:33.255739 [debug] [MainThread]: An error was encountered while trying to flush usage events
[0m13:51:57.748036 [debug] [MainThread]: Sending event: {'category': 'dbt', 'action': 'invocation', 'label': 'start', 'context': [<snowplow_tracker.self_describing_json.SelfDescribingJson object at 0x104899e90>, <snowplow_tracker.self_describing_json.SelfDescribingJson object at 0x1048d4c90>, <snowplow_tracker.self_describing_json.SelfDescribingJson object at 0x10489acd0>]}


============================== 13:51:57.751245 | 7de3d150-8ba6-401d-87ce-6c59bcafea0c ==============================
[0m13:51:57.751245 [info ] [MainThread]: Running with dbt=1.9.2
[0m13:51:57.751569 [debug] [MainThread]: running dbt with arguments {'printer_width': '80', 'indirect_selection': 'eager', 'write_json': 'True', 'log_cache_events': 'False', 'partial_parse': 'True', 'cache_selected_only': 'False', 'warn_error': 'None', 'fail_fast': 'False', 'debug': 'False', 'log_path': 'logs', 'profiles_dir': '/Users/tawneykirkland/.dbt', 'version_check': 'True', 'use_colors': 'True', 'use_experimental_parser': 'False', 'no_print': 'None', 'quiet': 'False', 'empty': 'None', 'log_format': 'default', 'invocation_command': 'dbt init dbtlearn1', 'static_parser': 'True', 'introspect': 'True', 'target_path': 'None', 'warn_error_options': 'WarnErrorOptions(include=[], exclude=[])', 'send_anonymous_usage_stats': 'True'}
[0m13:51:57.758975 [debug] [MainThread]: Starter project path: /Users/tawneykirkland/dbtcourse/venv/lib/python3.11/site-packages/dbt/include/starter_project
[0m13:51:57.761868 [info ] [MainThread]: 
Your new dbt project "dbtlearn1" was created!

For more information on how to configure the profiles.yml file,
please consult the dbt documentation here:

  https://docs.getdbt.com/docs/configure-your-profile

One more thing:

Need help? Don't hesitate to reach out to us via GitHub issues or on Slack:

  https://community.getdbt.com/

Happy modeling!

[0m13:51:57.762040 [info ] [MainThread]: Setting up your profile.
[0m13:59:11.983525 [debug] [MainThread]: Sending event: {'category': 'dbt', 'action': 'invocation', 'label': 'start', 'context': [<snowplow_tracker.self_describing_json.SelfDescribingJson object at 0x1046dd6d0>, <snowplow_tracker.self_describing_json.SelfDescribingJson object at 0x10470cf90>, <snowplow_tracker.self_describing_json.SelfDescribingJson object at 0x10470d950>]}


============================== 13:59:11.986683 | 807a7d22-1960-4dd6-901e-e9876f7f39f8 ==============================
[0m13:59:11.986683 [info ] [MainThread]: Running with dbt=1.9.2
[0m13:59:11.987027 [debug] [MainThread]: running dbt with arguments {'printer_width': '80', 'indirect_selection': 'eager', 'write_json': 'True', 'log_cache_events': 'False', 'partial_parse': 'True', 'cache_selected_only': 'False', 'warn_error': 'None', 'debug': 'False', 'version_check': 'True', 'log_path': 'logs', 'profiles_dir': '/Users/tawneykirkland/.dbt', 'fail_fast': 'False', 'use_colors': 'True', 'use_experimental_parser': 'False', 'no_print': 'None', 'quiet': 'False', 'empty': 'None', 'warn_error_options': 'WarnErrorOptions(include=[], exclude=[])', 'static_parser': 'True', 'invocation_command': 'dbt init dbtlearn', 'introspect': 'True', 'target_path': 'None', 'log_format': 'default', 'send_anonymous_usage_stats': 'True'}
[0m13:59:11.995456 [debug] [MainThread]: Starter project path: /Users/tawneykirkland/dbtcourse/venv/lib/python3.11/site-packages/dbt/include/starter_project
[0m13:59:11.999319 [info ] [MainThread]: 
Your new dbt project "dbtlearn" was created!

For more information on how to configure the profiles.yml file,
please consult the dbt documentation here:

  https://docs.getdbt.com/docs/configure-your-profile

One more thing:

Need help? Don't hesitate to reach out to us via GitHub issues or on Slack:

  https://community.getdbt.com/

Happy modeling!

[0m13:59:11.999556 [info ] [MainThread]: Setting up your profile.
[0m14:02:33.141101 [info ] [MainThread]: Profile dbtlearn written to /Users/tawneykirkland/.dbt/profiles.yml using target's profile_template.yml and your supplied values. Run 'dbt debug' to validate the connection.
[0m14:02:33.169550 [debug] [MainThread]: Resource report: {"command_name": "init", "command_success": true, "command_wall_clock_time": 201.22116, "process_in_blocks": "0", "process_kernel_time": 0.199618, "process_mem_max_rss": "112214016", "process_out_blocks": "0", "process_user_time": 0.674663}
[0m14:02:33.170859 [debug] [MainThread]: Command `dbt init` succeeded at 14:02:33.170498 after 201.22 seconds
[0m14:02:33.172697 [debug] [MainThread]: Sending event: {'category': 'dbt', 'action': 'invocation', 'label': 'end', 'context': [<snowplow_tracker.self_describing_json.SelfDescribingJson object at 0x1046def50>, <snowplow_tracker.self_describing_json.SelfDescribingJson object at 0x1046822d0>, <snowplow_tracker.self_describing_json.SelfDescribingJson object at 0x1043af990>]}
[0m14:02:33.173505 [debug] [MainThread]: Flushing usage events
[0m14:02:33.306435 [debug] [MainThread]: An error was encountered while trying to flush usage events
